
**** Clean-only build of configuration Debug for project MSP430F55xx_UCS_10 ****

"c:\\ti\\ccsv6\\utils\\bin\\gmake" -k clean 
gmake: *** No rule to make target `clean'.

**** Build Finished ****

**** Build of configuration Debug for project MSP430F55xx_UCS_10 ****

"c:\\ti\\ccsv6\\utils\\bin\\gmake" -k all 
'Building file: ../MSP430F55xx_UCS_10.c'
'Invoking: MSP430 Compiler'
"c:/ti/ccsv6/tools/compiler/msp430_4.3.3/bin/cl430" -vmspx --abi=eabi --data_model=restricted --include_path="c:/ti/ccsv6/ccs_base/msp430/include" --include_path="c:/ti/ccsv6/tools/compiler/msp430_4.3.3/include" --advice:power=all -g --define=__MSP430F5529__ --diag_warning=225 --display_error_number --diag_wrap=off --silicon_errata=CPU21 --silicon_errata=CPU22 --silicon_errata=CPU23 --silicon_errata=CPU40 --printf_support=minimal --preproc_with_compile --preproc_dependency="MSP430F55xx_UCS_10.pp"  "../MSP430F55xx_UCS_10.c"
"../MSP430F55xx_UCS_10.c", line 107: remark #1527-D: (ULP 2.1) Detected SW delay loop using __delay_cycles. Recommend using a timer module instead
"../MSP430F55xx_UCS_10.c", line 121: remark #1527-D: (ULP 2.1) Detected SW delay loop using __delay_cycles. Recommend using a timer module instead
"../MSP430F55xx_UCS_10.c", line 134: remark #1528-D: (ULP 3.1) Detected flag polling using PMMIFG. Recommend using an interrupt combined with enter LPMx and ISR
"../MSP430F55xx_UCS_10.c", line 141: remark #1528-D: (ULP 3.1) Detected flag polling using PMMIFG. Recommend using an interrupt combined with enter LPMx and ISR
'Finished building: ../MSP430F55xx_UCS_10.c'
' '
'Building target: MSP430F55xx_UCS_10.out'
'Invoking: MSP430 Linker'
"c:/ti/ccsv6/tools/compiler/msp430_4.3.3/bin/cl430" -vmspx --abi=eabi --data_model=restricted --advice:power=all -g --define=__MSP430F5529__ --diag_warning=225 --display_error_number --diag_wrap=off --silicon_errata=CPU21 --silicon_errata=CPU22 --silicon_errata=CPU23 --silicon_errata=CPU40 --printf_support=minimal -z -m"MSP430F55xx_UCS_10.map" --heap_size=160 --stack_size=160 --use_hw_mpy=F5 --cinit_hold_wdt=on -i"c:/ti/ccsv6/ccs_base/msp430/include" -i"c:/ti/ccsv6/tools/compiler/msp430_4.3.3/lib" -i"c:/ti/ccsv6/tools/compiler/msp430_4.3.3/include" -i"c:/ti/ccsv6/ccs_base/msp430/lib/5xx_6xx_FRxx" --reread_libs --warn_sections --display_error_number --diag_wrap=off --xml_link_info="MSP430F55xx_UCS_10_linkInfo.xml" --rom_model -o "MSP430F55xx_UCS_10.out"  "./MSP430F55xx_UCS_10.obj" "../lnk_msp430f5529.cmd" -l"libc.a" -l"libmath.a" 
<Linking>
remark #10372-D: (ULP 4.1) Detected uninitialized Port B in this project. Recommend initializing all unused ports to eliminate wasted current consumption on unused pins.
remark #10372-D: (ULP 4.1) Detected uninitialized Port C in this project. Recommend initializing all unused ports to eliminate wasted current consumption on unused pins.
remark #10372-D: (ULP 4.1) Detected uninitialized Port D in this project. Recommend initializing all unused ports to eliminate wasted current consumption on unused pins.
'Finished building target: MSP430F55xx_UCS_10.out'
' '

**** Build Finished ****

**** Build of configuration Debug for project MSP430F55xx_UCS_10 ****

"c:\\ti\\ccsv6\\utils\\bin\\gmake" -k all 
gmake: Nothing to be done for `all'.

**** Build Finished ****
